2023-10-29 02:16:04,637 - Scraping page 1
2023-10-29 02:16:04,758 - Scraping page 2
2023-10-29 02:16:05,148 - Scraping page 3
2023-10-29 02:16:05,170 - w’è‚³‚ê‚½ŠúŠÔŠO‚Ì‹L–‚ğŒ©‚Â‚¯‚Ü‚µ‚½BƒXƒNƒŒƒCƒsƒ“ƒO‚ğI—¹‚µ‚Ü‚·B
2023-10-29 02:16:05,278 - Scraping page 4
2023-10-29 02:16:05,299 - w’è‚³‚ê‚½ŠúŠÔŠO‚Ì‹L–‚ğŒ©‚Â‚¯‚Ü‚µ‚½BƒXƒNƒŒƒCƒsƒ“ƒO‚ğI—¹‚µ‚Ü‚·B
2023-10-29 02:16:05,384 - Scraping page 5
2023-10-29 02:16:05,404 - w’è‚³‚ê‚½ŠúŠÔŠO‚Ì‹L–‚ğŒ©‚Â‚¯‚Ü‚µ‚½BƒXƒNƒŒƒCƒsƒ“ƒO‚ğI—¹‚µ‚Ü‚·B
2023-10-29 02:16:05,654 - w’è‚³‚ê‚½ƒy[ƒW‚Í‘¶İ‚µ‚Ü‚¹‚ñ: ƒy[ƒW 6
2023-10-29 02:17:34,035 - Scraping page 1
2023-10-29 02:17:34,141 - Scraping page 2
2023-10-29 02:17:34,258 - Scraping page 3
2023-10-29 02:17:34,282 - w’è‚³‚ê‚½ŠúŠÔŠO‚Ì‹L–‚ğŒ©‚Â‚¯‚Ü‚µ‚½BƒXƒNƒŒƒCƒsƒ“ƒO‚ğI—¹‚µ‚Ü‚·B
2023-10-29 02:20:12,418 - Scraping page 1
2023-10-29 02:20:12,525 - Scraping page 2
2023-10-29 02:20:12,639 - Scraping page 3
2023-10-29 02:20:12,662 - w’è‚³‚ê‚½ŠúŠÔŠO‚Ì‹L–‚ğŒ©‚Â‚¯‚Ü‚µ‚½BƒXƒNƒŒƒCƒsƒ“ƒO‚ğI—¹‚µ‚Ü‚·B
2023-10-29 02:20:12,767 - Scraping page 4
2023-10-29 02:20:12,789 - w’è‚³‚ê‚½ŠúŠÔŠO‚Ì‹L–‚ğŒ©‚Â‚¯‚Ü‚µ‚½BƒXƒNƒŒƒCƒsƒ“ƒO‚ğI—¹‚µ‚Ü‚·B
2023-10-29 02:20:13,083 - Scraping page 5
2023-10-29 02:20:13,103 - w’è‚³‚ê‚½ŠúŠÔŠO‚Ì‹L–‚ğŒ©‚Â‚¯‚Ü‚µ‚½BƒXƒNƒŒƒCƒsƒ“ƒO‚ğI—¹‚µ‚Ü‚·B
2023-10-29 02:20:13,407 - w’è‚³‚ê‚½ƒy[ƒW‚Í‘¶İ‚µ‚Ü‚¹‚ñ: ƒy[ƒW 6
2023-10-29 02:25:03,349 - Scraping page 1
2023-10-29 02:25:03,674 - Scraping page 2
2023-10-29 02:25:03,793 - Scraping page 3
2023-10-29 02:25:03,816 - w’è‚³‚ê‚½ŠúŠÔŠO‚Ì‹L–‚ğŒ©‚Â‚¯‚Ü‚µ‚½BƒXƒNƒŒƒCƒsƒ“ƒO‚ğI—¹‚µ‚Ü‚·B
2023-10-29 02:26:38,603 - Scraping page 1
2023-10-29 02:26:38,921 - Scraping page 2
2023-10-29 02:26:39,263 - Scraping page 3
2023-10-29 02:26:39,286 - w’è‚³‚ê‚½ŠúŠÔŠO‚Ì‹L–‚ğŒ©‚Â‚¯‚Ü‚µ‚½BƒXƒNƒŒƒCƒsƒ“ƒO‚ğI—¹‚µ‚Ü‚·B
2023-10-29 02:26:39,287 - ƒ‰ƒCƒ^[–¼FgrezzzAŠúŠÔF2023/10/01‚©‚ç2023/10/25A‹L–”F40
2023-10-29 02:45:15,633 - Scraping page 1
2023-10-29 02:45:15,657 - w’è‚³‚ê‚½ŠúŠÔŠO‚Ì‹L–‚ğŒ©‚Â‚¯‚Ü‚µ‚½BƒXƒNƒŒƒCƒsƒ“ƒO‚ğI—¹‚µ‚Ü‚·B
2023-10-29 02:45:15,658 - ƒ‰ƒCƒ^[–¼FgrezzzAŠúŠÔF2023/10/25‚©‚ç2023/10/25A‹L–”F4
2023-10-29 03:23:20,816 - Scraping page 1
2023-10-29 03:23:20,839 - w’è‚³‚ê‚½ŠúŠÔŠO‚Ì‹L–‚ğŒ©‚Â‚¯‚Ü‚µ‚½BƒXƒNƒŒƒCƒsƒ“ƒO‚ğI—¹‚µ‚Ü‚·B
2023-10-29 03:23:20,844 - ƒ‰ƒCƒ^[–¼FGrezzzAŠúŠÔF2023/10/25‚©‚ç2023/10/25A‹L–”F4
2023-10-30 00:36:06,840 - Scraping page 1
2023-10-30 00:36:06,866 - w’è‚³‚ê‚½ŠúŠÔŠO‚Ì‹L–‚ğŒ©‚Â‚¯‚Ü‚µ‚½BƒXƒNƒŒƒCƒsƒ“ƒO‚ğI—¹‚µ‚Ü‚·B
2023-10-30 00:36:06,869 - ƒ‰ƒCƒ^[–¼FgrezzzAŠúŠÔF2023/10/25‚©‚ç2023/10/25A‹L–”F4
2023-10-30 03:41:32,918 - Scraping page 1
2023-10-30 03:41:32,941 - w’è‚³‚ê‚½ŠúŠÔŠO‚Ì‹L–‚ğŒ©‚Â‚¯‚Ü‚µ‚½BƒXƒNƒŒƒCƒsƒ“ƒO‚ğI—¹‚µ‚Ü‚·B
2023-10-30 03:41:32,944 - ƒ‰ƒCƒ^[–¼FGrezzzAŠúŠÔF2023-10-25‚©‚ç2023-10-25A‹L–”F4
2023-10-30 03:41:36,662 - Not Found: /Grezzz_articles_2023_10_25_to_2023_10_25.csv
2023-10-30 03:41:43,714 - Not Found: /Grezzz_articles_2023_10_25_to_2023_10_25.csv
2023-10-30 03:43:22,194 - Not Found: /Grezzz_articles_2023_10_25_to_2023_10_25.csv
2023-10-30 04:16:22,355 - Scraping page 1
2023-10-30 04:16:22,379 - w’è‚³‚ê‚½ŠúŠÔŠO‚Ì‹L–‚ğŒ©‚Â‚¯‚Ü‚µ‚½BƒXƒNƒŒƒCƒsƒ“ƒO‚ğI—¹‚µ‚Ü‚·B
2023-10-30 04:16:22,381 - ƒ‰ƒCƒ^[–¼FGrezzzAŠúŠÔF2023-10-26‚©‚ç2023-10-26A‹L–”F0
2023-10-30 04:16:26,985 - Not Found: /Grezzz_articles_2023_10_26_to_2023_10_26.csv
2023-10-30 04:22:41,871 - Scraping page 1
2023-10-30 04:22:41,894 - w’è‚³‚ê‚½ŠúŠÔŠO‚Ì‹L–‚ğŒ©‚Â‚¯‚Ü‚µ‚½BƒXƒNƒŒƒCƒsƒ“ƒO‚ğI—¹‚µ‚Ü‚·B
2023-10-30 04:22:41,895 - ƒ‰ƒCƒ^[–¼FGrezzzAŠúŠÔF2023-10-25‚©‚ç2023-10-26A‹L–”F4
2023-10-30 04:22:43,008 - Not Found: /Grezzz_articles_2023_10_25_to_2023_10_26.csv
2023-10-30 04:23:08,758 - Not Found: /Grezzz_articles_2023_10_25_to_2023_10_26.csv
2023-10-30 04:23:10,074 - Not Found: /Grezzz_articles_2023_10_25_to_2023_10_26.csv
2023-10-30 04:23:12,766 - Not Found: /Grezzz_articles_2023_10_25_to_2023_10_26.csv
2023-10-30 04:23:34,362 - Scraping page 1
2023-10-30 04:23:34,388 - w’è‚³‚ê‚½ŠúŠÔŠO‚Ì‹L–‚ğŒ©‚Â‚¯‚Ü‚µ‚½BƒXƒNƒŒƒCƒsƒ“ƒO‚ğI—¹‚µ‚Ü‚·B
2023-10-30 04:23:34,389 - ƒ‰ƒCƒ^[–¼FGrezzzAŠúŠÔF2023-10-25‚©‚ç2023-10-26A‹L–”F4
2023-10-30 04:23:37,829 - Not Found: /Grezzz_articles_2023_10_25_to_2023_10_26.csv
2023-10-30 04:23:44,152 - Scraping page 1
2023-10-30 04:23:44,176 - w’è‚³‚ê‚½ŠúŠÔŠO‚Ì‹L–‚ğŒ©‚Â‚¯‚Ü‚µ‚½BƒXƒNƒŒƒCƒsƒ“ƒO‚ğI—¹‚µ‚Ü‚·B
2023-10-30 04:23:44,177 - ƒ‰ƒCƒ^[–¼FGrezzzAŠúŠÔF2023-10-25‚©‚ç2023-10-27A‹L–”F4
2023-10-30 04:23:47,981 - Not Found: /Grezzz_articles_2023_10_25_to_2023_10_27.csv
2023-10-30 04:26:40,633 - Not Found: /Grezzz_articles_2023_10_25_to_2023_10_26.csv
2023-10-30 04:30:30,665 - Scraping page 1
2023-10-30 04:30:30,688 - w’è‚³‚ê‚½ŠúŠÔŠO‚Ì‹L–‚ğŒ©‚Â‚¯‚Ü‚µ‚½BƒXƒNƒŒƒCƒsƒ“ƒO‚ğI—¹‚µ‚Ü‚·B
2023-10-30 04:32:01,449 - Scraping page 1
2023-10-30 04:32:01,473 - w’è‚³‚ê‚½ŠúŠÔŠO‚Ì‹L–‚ğŒ©‚Â‚¯‚Ü‚µ‚½BƒXƒNƒŒƒCƒsƒ“ƒO‚ğI—¹‚µ‚Ü‚·B
2023-10-30 04:32:01,475 - ƒ‰ƒCƒ^[–¼FGrezzzAŠúŠÔF2023-10-25‚©‚ç2023-10-25A‹L–”F4
2023-10-30 04:32:04,403 - Not Found: /Grezzz_articles_2023_10_25_to_2023_10_25.csv
2023-10-30 04:37:05,743 - Scraping page 1
2023-10-30 04:37:05,767 - w’è‚³‚ê‚½ŠúŠÔŠO‚Ì‹L–‚ğŒ©‚Â‚¯‚Ü‚µ‚½BƒXƒNƒŒƒCƒsƒ“ƒO‚ğI—¹‚µ‚Ü‚·B
2023-10-30 04:37:05,768 - ƒ‰ƒCƒ^[–¼FGrezzzAŠúŠÔF2023-10-25‚©‚ç2023-10-25A‹L–”F4
2023-10-30 04:37:17,880 - Not Found: /Grezzz_articles_2023_10_25_to_2023_10_25.csv
2023-10-30 04:37:23,230 - Scraping page 1
2023-10-30 04:37:23,254 - w’è‚³‚ê‚½ŠúŠÔŠO‚Ì‹L–‚ğŒ©‚Â‚¯‚Ü‚µ‚½BƒXƒNƒŒƒCƒsƒ“ƒO‚ğI—¹‚µ‚Ü‚·B
2023-10-30 04:37:23,254 - ƒ‰ƒCƒ^[–¼FGrezzzAŠúŠÔF2023-10-25‚©‚ç2023-10-25A‹L–”F4
2023-10-30 04:41:00,920 - C:\Users\Main\df_invoice\df_list\scraper.py changed, reloading.
2023-10-30 04:41:09,847 - Scraping page 1
2023-10-30 04:41:09,872 - w’è‚³‚ê‚½ŠúŠÔŠO‚Ì‹L–‚ğŒ©‚Â‚¯‚Ü‚µ‚½BƒXƒNƒŒƒCƒsƒ“ƒO‚ğI—¹‚µ‚Ü‚·B
2023-10-30 04:41:09,873 - ƒ‰ƒCƒ^[–¼FGrezzzAŠúŠÔF2023-10-25‚©‚ç2023-10-25A‹L–”F4
2023-10-30 04:41:32,179 - Scraping page 1
2023-10-30 04:41:32,203 - w’è‚³‚ê‚½ŠúŠÔŠO‚Ì‹L–‚ğŒ©‚Â‚¯‚Ü‚µ‚½BƒXƒNƒŒƒCƒsƒ“ƒO‚ğI—¹‚µ‚Ü‚·B
2023-10-30 04:41:32,204 - ƒ‰ƒCƒ^[–¼FGrezzzAŠúŠÔF2023-10-25‚©‚ç2023-10-25A‹L–”F4
2023-10-30 04:52:10,003 - Scraping page 1
2023-10-30 04:52:10,027 - w’è‚³‚ê‚½ŠúŠÔŠO‚Ì‹L–‚ğŒ©‚Â‚¯‚Ü‚µ‚½BƒXƒNƒŒƒCƒsƒ“ƒO‚ğI—¹‚µ‚Ü‚·B
2023-10-30 04:52:10,028 - ƒ‰ƒCƒ^[–¼FGrezzzAŠúŠÔF2023-10-25‚©‚ç2023-10-25A‹L–”F4
2023-10-30 04:52:12,853 - Not Found: /Grezzz_articles_2023_10_25_to_2023_10_25.csv
2023-10-30 17:51:52,102 - Scraping page 1
2023-10-30 17:51:52,126 - w’è‚³‚ê‚½ŠúŠÔŠO‚Ì‹L–‚ğŒ©‚Â‚¯‚Ü‚µ‚½BƒXƒNƒŒƒCƒsƒ“ƒO‚ğI—¹‚µ‚Ü‚·B
2023-10-30 17:51:52,127 - ƒ‰ƒCƒ^[–¼FGrezzzAŠúŠÔF2023-10-25‚©‚ç2023-10-25A‹L–”F4
2023-10-30 17:51:53,640 - Not Found: /Grezzz_articles_2023_10_25_to_2023_10_25.csv
2023-10-30 18:17:06,929 - C:\Users\Main\df_invoice\df_list\scraper.py changed, reloading.
2023-10-30 18:25:01,807 - Scraping page 1
2023-10-30 18:25:01,830 - w’è‚³‚ê‚½ŠúŠÔŠO‚Ì‹L–‚ğŒ©‚Â‚¯‚Ü‚µ‚½BƒXƒNƒŒƒCƒsƒ“ƒO‚ğI—¹‚µ‚Ü‚·B
2023-10-30 18:25:01,832 - ƒ‰ƒCƒ^[–¼FGrezzzAŠúŠÔF2023-10-25‚©‚ç2023-10-25A‹L–”F4
2023-10-30 18:25:08,568 - Internal Server Error: /csv/Date,Title,URL/
Traceback (most recent call last):
  File "C:\ProgramData\Anaconda3\envs\df_env\lib\site-packages\django\core\handlers\exception.py", line 55, in inner
    response = get_response(request)
  File "C:\ProgramData\Anaconda3\envs\df_env\lib\site-packages\django\core\handlers\base.py", line 197, in _get_response
    response = wrapped_callback(request, *callback_args, **callback_kwargs)
TypeError: download_csv() got an unexpected keyword argument 'filename'
2023-10-30 18:43:04,491 - Scraping page 1
2023-10-30 18:43:04,515 - w’è‚³‚ê‚½ŠúŠÔŠO‚Ì‹L–‚ğŒ©‚Â‚¯‚Ü‚µ‚½BƒXƒNƒŒƒCƒsƒ“ƒO‚ğI—¹‚µ‚Ü‚·B
2023-10-30 18:43:04,516 - ƒ‰ƒCƒ^[–¼FGrezzzAŠúŠÔF2023-10-25‚©‚ç2023-10-25A‹L–”F4
2023-10-30 19:20:13,350 - C:\Users\Main\df_invoice\df_list\urls.py changed, reloading.
2023-10-30 19:20:38,464 - Scraping page 1
2023-10-30 19:20:38,488 - w’è‚³‚ê‚½ŠúŠÔŠO‚Ì‹L–‚ğŒ©‚Â‚¯‚Ü‚µ‚½BƒXƒNƒŒƒCƒsƒ“ƒO‚ğI—¹‚µ‚Ü‚·B
2023-10-30 19:20:38,488 - ƒ‰ƒCƒ^[–¼FGrezzzAŠúŠÔF2023-10-25‚©‚ç2023-10-25A‹L–”F4
2023-10-30 19:20:50,193 - Scraping page 1
2023-10-30 19:20:50,217 - w’è‚³‚ê‚½ŠúŠÔŠO‚Ì‹L–‚ğŒ©‚Â‚¯‚Ü‚µ‚½BƒXƒNƒŒƒCƒsƒ“ƒO‚ğI—¹‚µ‚Ü‚·B
2023-10-30 19:20:50,217 - ƒ‰ƒCƒ^[–¼FGrezzzAŠúŠÔF2023-10-25‚©‚ç2023-10-25A‹L–”F4
2023-10-30 19:27:53,441 - C:\Users\Main\df_invoice\df_list\views.py changed, reloading.
2023-10-30 19:31:46,672 - Scraping page 1
2023-10-30 19:31:46,695 - w’è‚³‚ê‚½ŠúŠÔŠO‚Ì‹L–‚ğŒ©‚Â‚¯‚Ü‚µ‚½BƒXƒNƒŒƒCƒsƒ“ƒO‚ğI—¹‚µ‚Ü‚·B
2023-10-30 19:31:46,696 - ƒ‰ƒCƒ^[–¼FGrezzzAŠúŠÔF2023-10-25‚©‚ç2023-10-25A‹L–”F4
2023-10-30 19:32:09,297 - Internal Server Error: /download_csv/Grezzz/2023-10-25/2023-10-25/
Traceback (most recent call last):
  File "C:\ProgramData\Anaconda3\envs\df_env\lib\site-packages\django\core\handlers\exception.py", line 55, in inner
    response = get_response(request)
  File "C:\ProgramData\Anaconda3\envs\df_env\lib\site-packages\django\core\handlers\base.py", line 197, in _get_response
    response = wrapped_callback(request, *callback_args, **callback_kwargs)
TypeError: download_csv() got an unexpected keyword argument 'writer_name'
2023-10-30 19:32:14,124 - Internal Server Error: /download_csv/Grezzz/2023-10-25/2023-10-25/
Traceback (most recent call last):
  File "C:\ProgramData\Anaconda3\envs\df_env\lib\site-packages\django\core\handlers\exception.py", line 55, in inner
    response = get_response(request)
  File "C:\ProgramData\Anaconda3\envs\df_env\lib\site-packages\django\core\handlers\base.py", line 197, in _get_response
    response = wrapped_callback(request, *callback_args, **callback_kwargs)
TypeError: download_csv() got an unexpected keyword argument 'writer_name'
2023-10-30 19:32:31,592 - C:\Users\Main\df_invoice\df_invoice\urls.py changed, reloading.
2023-10-30 19:33:13,422 - Scraping page 1
2023-10-30 19:33:13,446 - w’è‚³‚ê‚½ŠúŠÔŠO‚Ì‹L–‚ğŒ©‚Â‚¯‚Ü‚µ‚½BƒXƒNƒŒƒCƒsƒ“ƒO‚ğI—¹‚µ‚Ü‚·B
2023-10-30 19:33:13,446 - ƒ‰ƒCƒ^[–¼FGrezzzAŠúŠÔF2023-10-25‚©‚ç2023-10-25A‹L–”F4
2023-10-30 19:33:34,660 - Not Found: /download_csv/Grezzz/2023-10-25/2023-10-25/
2023-10-30 19:33:35,645 - Not Found: /download_csv/Grezzz/2023-10-25/2023-10-25/
2023-10-30 19:33:36,963 - Not Found: /download_csv/Grezzz/2023-10-25/2023-10-25/
2023-10-30 19:33:43,963 - Not Found: /download_csv/Grezzz/2023-10-25/2023-10-25/
2023-10-30 19:33:44,784 - Not Found: /download_csv/Grezzz/2023-10-25/2023-10-25/
2023-10-30 20:19:16,027 - Scraping page 1
2023-10-30 20:19:16,050 - w’è‚³‚ê‚½ŠúŠÔŠO‚Ì‹L–‚ğŒ©‚Â‚¯‚Ü‚µ‚½BƒXƒNƒŒƒCƒsƒ“ƒO‚ğI—¹‚µ‚Ü‚·B
2023-10-30 20:19:16,051 - ƒ‰ƒCƒ^[–¼FGrezzzAŠúŠÔF2023-10-25‚©‚ç2023-10-25A‹L–”F4
2023-10-30 20:29:46,552 - Scraping page 1
2023-10-30 20:29:46,576 - w’è‚³‚ê‚½ŠúŠÔŠO‚Ì‹L–‚ğŒ©‚Â‚¯‚Ü‚µ‚½BƒXƒNƒŒƒCƒsƒ“ƒO‚ğI—¹‚µ‚Ü‚·B
2023-10-30 20:29:46,576 - ƒ‰ƒCƒ^[–¼FGrezzzAŠúŠÔF2023-10-25‚©‚ç2023-10-25A‹L–”F4
2023-10-30 20:31:55,640 - Scraping page 1
2023-10-30 20:31:56,179 - Scraping page 2
2023-10-30 20:31:56,701 - Scraping page 3
2023-10-30 20:31:56,724 - w’è‚³‚ê‚½ŠúŠÔŠO‚Ì‹L–‚ğŒ©‚Â‚¯‚Ü‚µ‚½BƒXƒNƒŒƒCƒsƒ“ƒO‚ğI—¹‚µ‚Ü‚·B
2023-10-30 20:31:56,725 - ƒ‰ƒCƒ^[–¼FGrezzzAŠúŠÔF2023-09-25‚©‚ç2023-10-25A‹L–”F43
2023-10-30 20:33:11,507 - Scraping page 1
2023-10-30 20:33:11,810 - Scraping page 2
2023-10-30 20:33:12,111 - Scraping page 3
2023-10-30 20:33:12,135 - w’è‚³‚ê‚½ŠúŠÔŠO‚Ì‹L–‚ğŒ©‚Â‚¯‚Ü‚µ‚½BƒXƒNƒŒƒCƒsƒ“ƒO‚ğI—¹‚µ‚Ü‚·B
2023-10-30 20:33:12,136 - ƒ‰ƒCƒ^[–¼FGrezzzAŠúŠÔF2023-09-25‚©‚ç2023-10-25A‹L–”F43
2023-10-30 23:31:15,639 - Scraping page 1
2023-10-30 23:31:15,663 - w’è‚³‚ê‚½ŠúŠÔŠO‚Ì‹L–‚ğŒ©‚Â‚¯‚Ü‚µ‚½BƒXƒNƒŒƒCƒsƒ“ƒO‚ğI—¹‚µ‚Ü‚·B
2023-10-30 23:31:15,664 - ƒ‰ƒCƒ^[–¼FGrezzzAŠúŠÔF2023-10-26‚©‚ç2023-10-26A‹L–”F0
2023-10-30 23:48:46,945 - Scraping page 1
2023-10-30 23:48:46,968 - w’è‚³‚ê‚½ŠúŠÔŠO‚Ì‹L–‚ğŒ©‚Â‚¯‚Ü‚µ‚½BƒXƒNƒŒƒCƒsƒ“ƒO‚ğI—¹‚µ‚Ü‚·B
2023-10-30 23:48:46,969 - ƒ‰ƒCƒ^[–¼FGrezzzAŠúŠÔF2023-10-25‚©‚ç2023-10-25A‹L–”F4
2023-10-31 00:35:00,721 - Not Found: /favicon.ico
2023-10-31 01:08:11,528 - Scraping page 1
2023-10-31 01:08:11,552 - w’è‚³‚ê‚½ŠúŠÔŠO‚Ì‹L–‚ğŒ©‚Â‚¯‚Ü‚µ‚½BƒXƒNƒŒƒCƒsƒ“ƒO‚ğI—¹‚µ‚Ü‚·B
2023-10-31 01:08:11,553 - ƒ‰ƒCƒ^[–¼FGrezzzAŠúŠÔF2023-10-27‚©‚ç2023-10-27A‹L–”F0
2023-10-31 02:52:29,646 - C:\Users\Main\df_invoice\df_list\scraper.py changed, reloading.
2023-10-31 14:14:24,509 - Scraping page 1
2023-10-31 14:14:24,533 - w’èŠúŠÔ‚Ì’Tõ‚ğŠ®—¹‚µ‚Ü‚µ‚½BƒXƒNƒŒƒCƒsƒ“ƒO‚ğI—¹‚µ‚Ü‚·B
2023-10-31 14:14:24,533 - ƒ‰ƒCƒ^[–¼FGrezzzAŠúŠÔF2023-10-25‚©‚ç2023-10-25A‹L–”F4
2023-10-31 14:15:21,757 - Scraping page 1
2023-10-31 14:15:21,782 - w’èŠúŠÔ‚Ì’Tõ‚ğŠ®—¹‚µ‚Ü‚µ‚½BƒXƒNƒŒƒCƒsƒ“ƒO‚ğI—¹‚µ‚Ü‚·B
2023-10-31 14:15:21,782 - ƒ‰ƒCƒ^[–¼FGrezzzAŠúŠÔF2023-10-23‚©‚ç2023-10-25A‹L–”F15
2023-10-31 14:15:41,048 - Scraping page 1
2023-10-31 14:15:42,620 - Scraping page 2
2023-10-31 14:15:44,139 - Scraping page 3
2023-10-31 14:15:44,162 - w’èŠúŠÔ‚Ì’Tõ‚ğŠ®—¹‚µ‚Ü‚µ‚½BƒXƒNƒŒƒCƒsƒ“ƒO‚ğI—¹‚µ‚Ü‚·B
2023-10-31 14:15:44,162 - ƒ‰ƒCƒ^[–¼FGrezzzAŠúŠÔF2023-10-01‚©‚ç2023-10-25A‹L–”F40
2023-10-31 14:16:07,325 - Scraping page 1
2023-10-31 14:16:07,350 - 1ƒy[ƒW‚ªƒXƒNƒŒƒCƒsƒ“ƒO‚³‚ê‚Ü‚µ‚½BƒXƒNƒŠƒvƒg‚ğI—¹‚µ‚Ü‚·B
2023-10-31 14:16:07,351 - ƒ‰ƒCƒ^[–¼FGrezzzAŠúŠÔF2023-10-01‚©‚ç2023-10-25A‹L–”F16
2023-10-31 14:17:36,402 - C:\Users\Main\df_invoice\df_list\scraper.py changed, reloading.
2023-10-31 14:17:40,106 - Scraping page 1
2023-10-31 14:17:40,132 - ƒy[ƒW§ŒÀ‚É“’B‚µ‚Ü‚µ‚½BƒXƒNƒŠƒvƒg‚ğI—¹‚µ‚Ü‚·: 1ƒy[ƒW
2023-10-31 14:17:40,133 - ƒ‰ƒCƒ^[–¼FGrezzzAŠúŠÔF2023-10-01‚©‚ç2023-10-25A‹L–”F16
2023-10-31 14:18:01,575 - Scraping page 1
2023-10-31 14:18:01,600 - ƒy[ƒW§ŒÀ‚É“’B‚µ‚Ü‚µ‚½BƒXƒNƒŠƒvƒg‚ğI—¹‚µ‚Ü‚·: 1ƒy[ƒW
2023-10-31 14:18:01,600 - ƒ‰ƒCƒ^[–¼FGrezzzAŠúŠÔF2023-10-01‚©‚ç2023-10-25A‹L–”F16
2023-10-31 14:19:35,483 - Scraping page 1
2023-10-31 14:19:35,508 - ƒy[ƒW§ŒÀ‚É“’B‚µ‚Ü‚µ‚½BƒXƒNƒŠƒvƒg‚ğI—¹‚µ‚Ü‚·: 1ƒy[ƒW
2023-10-31 14:19:35,508 - ƒ‰ƒCƒ^[–¼FGrezzzAŠúŠÔF2023-10-01‚©‚ç2023-10-25A‹L–”F16
2023-10-31 14:28:25,483 - C:\Users\Main\df_invoice\df_list\scraper.py changed, reloading.
2023-10-31 14:34:02,203 - Scraping page 1
2023-10-31 14:34:02,966 - Scraping page 2
2023-10-31 14:34:03,739 - Scraping page 3
2023-10-31 14:34:03,762 - æŒ‡å®šæœŸé–“ã®æ¢ç´¢ã‚’å®Œäº†ã—ã¾ã—ãŸã€‚ã‚¹ã‚¯ãƒ¬ã‚¤ãƒ”ãƒ³ã‚°ã‚’çµ‚äº†ã—ã¾ã™ã€‚
2023-10-31 14:34:03,763 - ãƒ©ã‚¤ã‚¿ãƒ¼åï¼šGrezzzã€æœŸé–“ï¼š2023-10-01ã‹ã‚‰2023-10-01ã€è¨˜äº‹æ•°ï¼š0
2023-10-31 14:34:18,958 - Scraping page 1
2023-10-31 14:34:19,380 - Scraping page 2
2023-10-31 14:34:20,131 - Scraping page 3
2023-10-31 14:34:20,154 - æŒ‡å®šæœŸé–“ã®æ¢ç´¢ã‚’å®Œäº†ã—ã¾ã—ãŸã€‚ã‚¹ã‚¯ãƒ¬ã‚¤ãƒ”ãƒ³ã‚°ã‚’çµ‚äº†ã—ã¾ã™ã€‚
2023-10-31 14:34:20,154 - ãƒ©ã‚¤ã‚¿ãƒ¼åï¼šGrezzzã€æœŸé–“ï¼š2023-10-05ã‹ã‚‰2023-10-05ã€è¨˜äº‹æ•°ï¼š0
2023-10-31 14:34:32,659 - Scraping page 1
2023-10-31 14:34:33,060 - Scraping page 2
2023-10-31 14:34:33,493 - Scraping page 3
2023-10-31 14:34:33,517 - æŒ‡å®šæœŸé–“ã®æ¢ç´¢ã‚’å®Œäº†ã—ã¾ã—ãŸã€‚ã‚¹ã‚¯ãƒ¬ã‚¤ãƒ”ãƒ³ã‚°ã‚’çµ‚äº†ã—ã¾ã™ã€‚
2023-10-31 14:34:33,517 - ãƒ©ã‚¤ã‚¿ãƒ¼åï¼šGrezzzã€æœŸé–“ï¼š2023-10-01ã‹ã‚‰2023-10-05ã€è¨˜äº‹æ•°ï¼š1
2023-10-31 14:44:17,320 - Scraping page 1
2023-10-31 14:44:17,995 - Scraping page 2
2023-10-31 14:44:18,614 - Scraping page 3
2023-10-31 14:44:19,245 - Scraping page 4
2023-10-31 14:44:19,268 - æŒ‡å®šæœŸé–“ã®æ¢ç´¢ã‚’å®Œäº†ã—ã¾ã—ãŸã€‚ã‚¹ã‚¯ãƒ¬ã‚¤ãƒ”ãƒ³ã‚°ã‚’çµ‚äº†ã—ã¾ã™ã€‚
2023-10-31 14:44:19,269 - ãƒ©ã‚¤ã‚¿ãƒ¼åï¼šã¯ãã¾ã„ã•ã‚“ã€æœŸé–“ï¼š2023-10-01ã‹ã‚‰2023-10-05ã€è¨˜äº‹æ•°ï¼š11
2023-10-31 14:46:29,554 - C:\Users\Main\df_invoice\df_list\scraper.py changed, reloading.
2023-10-31 14:49:09,049 - Scraping page 1
2023-10-31 14:49:09,688 - Scraping page 2
2023-10-31 14:49:10,316 - Scraping page 3
2023-10-31 14:49:10,339 - æŒ‡å®šæœŸé–“ã®æ¢ç´¢ã‚’å®Œäº†ã—ã¾ã—ãŸã€‚ã‚¹ã‚¯ãƒ¬ã‚¤ãƒ”ãƒ³ã‚°ã‚’çµ‚äº†ã—ã¾ã™ã€‚
2023-10-31 14:49:10,339 - ãƒ©ã‚¤ã‚¿ãƒ¼åï¼šGrezzzã€æœŸé–“ï¼š2023-10-01ã‹ã‚‰2023-10-19ã€è¨˜äº‹æ•°ï¼š25
2023-10-31 14:49:19,746 - Scraping page 1
2023-10-31 14:49:19,769 - æŒ‡å®šæœŸé–“ã®æ¢ç´¢ã‚’å®Œäº†ã—ã¾ã—ãŸã€‚ã‚¹ã‚¯ãƒ¬ã‚¤ãƒ”ãƒ³ã‚°ã‚’çµ‚äº†ã—ã¾ã™ã€‚
2023-10-31 14:49:19,769 - ãƒ©ã‚¤ã‚¿ãƒ¼åï¼šGrezzzã€æœŸé–“ï¼š2023-10-24ã‹ã‚‰2023-10-31ã€è¨˜äº‹æ•°ï¼š13
2023-10-31 14:50:56,313 - C:\Users\Main\df_invoice\df_list\views.py changed, reloading.
2023-10-31 14:51:05,494 - Scraping page 1
2023-10-31 14:51:05,520 - æŒ‡å®šæœŸé–“ã®æ¢ç´¢ã‚’å®Œäº†ã—ã¾ã—ãŸã€‚ã‚¹ã‚¯ãƒ¬ã‚¤ãƒ”ãƒ³ã‚°ã‚’çµ‚äº†ã—ã¾ã™ã€‚
2023-10-31 14:51:05,520 - ãƒ©ã‚¤ã‚¿ãƒ¼åï¼šGrezzzã€æœŸé–“ï¼š2023-10-24ã‹ã‚‰2023-10-31ã€è¨˜äº‹æ•°ï¼š13
2023-10-31 14:51:39,885 - C:\Users\Main\df_invoice\df_list\scraper.py changed, reloading.
2023-10-31 14:51:42,271 - Scraping page 1
2023-10-31 14:51:42,296 - æŒ‡å®šæœŸé–“ã®æ¢ç´¢ã‚’å®Œäº†ã—ã¾ã—ãŸã€‚ã‚¹ã‚¯ãƒ¬ã‚¤ãƒ”ãƒ³ã‚°ã‚’çµ‚äº†ã—ã¾ã™ã€‚
2023-10-31 14:51:42,297 - ãƒ©ã‚¤ã‚¿ãƒ¼åï¼šGrezzzã€æœŸé–“ï¼š2023-10-24ã‹ã‚‰2023-10-31ã€è¨˜äº‹æ•°ï¼š13
2023-10-31 14:52:15,403 - C:\Users\Main\df_invoice\df_list\scraper.py changed, reloading.
2023-10-31 14:52:19,913 - Scraping page 1
2023-10-31 14:52:19,939 - æŒ‡å®šæœŸé–“ã®æ¢ç´¢ã‚’å®Œäº†ã—ã¾ã—ãŸã€‚ã‚¹ã‚¯ãƒ¬ã‚¤ãƒ”ãƒ³ã‚°ã‚’çµ‚äº†ã—ã¾ã™ã€‚
2023-10-31 14:52:19,939 - ãƒ©ã‚¤ã‚¿ãƒ¼åï¼šGrezzzã€æœŸé–“ï¼š2023-10-24ã‹ã‚‰2023-10-31ã€è¨˜äº‹æ•°ï¼š13
2023-10-31 14:52:54,698 - Scraping page 1
2023-10-31 14:52:55,092 - Scraping page 2
2023-10-31 14:52:55,116 - æŒ‡å®šæœŸé–“ã®æ¢ç´¢ã‚’å®Œäº†ã—ã¾ã—ãŸã€‚ã‚¹ã‚¯ãƒ¬ã‚¤ãƒ”ãƒ³ã‚°ã‚’çµ‚äº†ã—ã¾ã™ã€‚
2023-10-31 14:52:55,117 - ãƒ©ã‚¤ã‚¿ãƒ¼åï¼šGrezzzã€æœŸé–“ï¼š2023-10-17ã‹ã‚‰2023-10-27ã€è¨˜äº‹æ•°ï¼š25
2023-10-31 17:36:21,869 - Scraping page 1
2023-10-31 17:36:21,892 - æŒ‡å®šæœŸé–“ã®æ¢ç´¢ã‚’å®Œäº†ã—ã¾ã—ãŸã€‚ã‚¹ã‚¯ãƒ¬ã‚¤ãƒ”ãƒ³ã‚°ã‚’çµ‚äº†ã—ã¾ã™ã€‚
2023-10-31 17:36:21,892 - ãƒ©ã‚¤ã‚¿ãƒ¼åï¼šGrezzzã€æœŸé–“ï¼š2023-10-30ã‹ã‚‰2023-10-30ã€è¨˜äº‹æ•°ï¼š3
2023-10-31 21:06:20,791 - Scraping page 1
2023-10-31 21:06:20,815 - æŒ‡å®šæœŸé–“ã®æ¢ç´¢ã‚’å®Œäº†ã—ã¾ã—ãŸã€‚ã‚¹ã‚¯ãƒ¬ã‚¤ãƒ”ãƒ³ã‚°ã‚’çµ‚äº†ã—ã¾ã™ã€‚
2023-10-31 21:06:20,816 - ãƒ©ã‚¤ã‚¿ãƒ¼åï¼šGrezzzã€æœŸé–“ï¼š2023-10-31ã‹ã‚‰2023-10-31ã€è¨˜äº‹æ•°ï¼š4
2023-10-31 21:07:45,883 - Scraping page 1
2023-10-31 21:07:45,908 - æŒ‡å®šæœŸé–“ã®æ¢ç´¢ã‚’å®Œäº†ã—ã¾ã—ãŸã€‚ã‚¹ã‚¯ãƒ¬ã‚¤ãƒ”ãƒ³ã‚°ã‚’çµ‚äº†ã—ã¾ã™ã€‚
2023-10-31 21:07:45,909 - ãƒ©ã‚¤ã‚¿ãƒ¼åï¼šGrezzzã€æœŸé–“ï¼š2023-10-31ã‹ã‚‰2023-10-31ã€è¨˜äº‹æ•°ï¼š4
2023-10-31 21:08:02,483 - Scraping page 1
2023-10-31 21:08:02,508 - æŒ‡å®šæœŸé–“ã®æ¢ç´¢ã‚’å®Œäº†ã—ã¾ã—ãŸã€‚ã‚¹ã‚¯ãƒ¬ã‚¤ãƒ”ãƒ³ã‚°ã‚’çµ‚äº†ã—ã¾ã™ã€‚
2023-10-31 21:08:02,509 - ãƒ©ã‚¤ã‚¿ãƒ¼åï¼šGrezzzã€æœŸé–“ï¼š2023-10-31ã‹ã‚‰2023-10-31ã€è¨˜äº‹æ•°ï¼š4
2023-10-31 21:08:45,994 - æŒ‡å®šã•ã‚ŒãŸãƒ©ã‚¤ã‚¿ãƒ¼åã¯å­˜åœ¨ã—ã¾ã›ã‚“ã§ã—ãŸ: ã¯ãã¾ã„
2023-10-31 21:08:46,025 - Internal Server Error: /
Traceback (most recent call last):
  File "C:\ProgramData\Anaconda3\envs\df_env\lib\site-packages\django\core\handlers\exception.py", line 55, in inner
    response = get_response(request)
  File "C:\ProgramData\Anaconda3\envs\df_env\lib\site-packages\django\core\handlers\base.py", line 197, in _get_response
    response = wrapped_callback(request, *callback_args, **callback_kwargs)
  File "C:\Users\Main\df_invoice\df_list\views.py", line 16, in index
    response = HttpResponse(content=result['csv_content'], content_type='text/csv', charset='utf-8-sig')
TypeError: 'NoneType' object is not subscriptable
2023-10-31 21:08:48,737 - æŒ‡å®šã•ã‚ŒãŸãƒ©ã‚¤ã‚¿ãƒ¼åã¯å­˜åœ¨ã—ã¾ã›ã‚“ã§ã—ãŸ: ã¯ãã¾ã„
2023-10-31 21:08:48,755 - Internal Server Error: /
Traceback (most recent call last):
  File "C:\ProgramData\Anaconda3\envs\df_env\lib\site-packages\django\core\handlers\exception.py", line 55, in inner
    response = get_response(request)
  File "C:\ProgramData\Anaconda3\envs\df_env\lib\site-packages\django\core\handlers\base.py", line 197, in _get_response
    response = wrapped_callback(request, *callback_args, **callback_kwargs)
  File "C:\Users\Main\df_invoice\df_list\views.py", line 16, in index
    response = HttpResponse(content=result['csv_content'], content_type='text/csv', charset='utf-8-sig')
TypeError: 'NoneType' object is not subscriptable
2023-10-31 21:08:49,735 - æŒ‡å®šã•ã‚ŒãŸãƒ©ã‚¤ã‚¿ãƒ¼åã¯å­˜åœ¨ã—ã¾ã›ã‚“ã§ã—ãŸ: ã¯ãã¾ã„
2023-10-31 21:08:49,753 - Internal Server Error: /
Traceback (most recent call last):
  File "C:\ProgramData\Anaconda3\envs\df_env\lib\site-packages\django\core\handlers\exception.py", line 55, in inner
    response = get_response(request)
  File "C:\ProgramData\Anaconda3\envs\df_env\lib\site-packages\django\core\handlers\base.py", line 197, in _get_response
    response = wrapped_callback(request, *callback_args, **callback_kwargs)
  File "C:\Users\Main\df_invoice\df_list\views.py", line 16, in index
    response = HttpResponse(content=result['csv_content'], content_type='text/csv', charset='utf-8-sig')
TypeError: 'NoneType' object is not subscriptable
2023-10-31 21:09:00,583 - æŒ‡å®šã•ã‚ŒãŸãƒ©ã‚¤ã‚¿ãƒ¼åã¯å­˜åœ¨ã—ã¾ã›ã‚“ã§ã—ãŸ: ã‚ã‚ã‚ã‚
2023-10-31 21:09:00,600 - Internal Server Error: /
Traceback (most recent call last):
  File "C:\ProgramData\Anaconda3\envs\df_env\lib\site-packages\django\core\handlers\exception.py", line 55, in inner
    response = get_response(request)
  File "C:\ProgramData\Anaconda3\envs\df_env\lib\site-packages\django\core\handlers\base.py", line 197, in _get_response
    response = wrapped_callback(request, *callback_args, **callback_kwargs)
  File "C:\Users\Main\df_invoice\df_list\views.py", line 16, in index
    response = HttpResponse(content=result['csv_content'], content_type='text/csv', charset='utf-8-sig')
TypeError: 'NoneType' object is not subscriptable
2023-10-31 21:09:04,980 - æŒ‡å®šã•ã‚ŒãŸãƒ©ã‚¤ã‚¿ãƒ¼åã¯å­˜åœ¨ã—ã¾ã›ã‚“ã§ã—ãŸ: aaaa
2023-10-31 21:09:04,997 - Internal Server Error: /
Traceback (most recent call last):
  File "C:\ProgramData\Anaconda3\envs\df_env\lib\site-packages\django\core\handlers\exception.py", line 55, in inner
    response = get_response(request)
  File "C:\ProgramData\Anaconda3\envs\df_env\lib\site-packages\django\core\handlers\base.py", line 197, in _get_response
    response = wrapped_callback(request, *callback_args, **callback_kwargs)
  File "C:\Users\Main\df_invoice\df_list\views.py", line 16, in index
    response = HttpResponse(content=result['csv_content'], content_type='text/csv', charset='utf-8-sig')
TypeError: 'NoneType' object is not subscriptable
2023-10-31 21:09:06,231 - æŒ‡å®šã•ã‚ŒãŸãƒ©ã‚¤ã‚¿ãƒ¼åã¯å­˜åœ¨ã—ã¾ã›ã‚“ã§ã—ãŸ: aaaa
2023-10-31 21:09:06,249 - Internal Server Error: /
Traceback (most recent call last):
  File "C:\ProgramData\Anaconda3\envs\df_env\lib\site-packages\django\core\handlers\exception.py", line 55, in inner
    response = get_response(request)
  File "C:\ProgramData\Anaconda3\envs\df_env\lib\site-packages\django\core\handlers\base.py", line 197, in _get_response
    response = wrapped_callback(request, *callback_args, **callback_kwargs)
  File "C:\Users\Main\df_invoice\df_list\views.py", line 16, in index
    response = HttpResponse(content=result['csv_content'], content_type='text/csv', charset='utf-8-sig')
TypeError: 'NoneType' object is not subscriptable
2023-10-31 21:09:33,139 - æŒ‡å®šã•ã‚ŒãŸãƒ©ã‚¤ã‚¿ãƒ¼åã¯å­˜åœ¨ã—ã¾ã›ã‚“ã§ã—ãŸ: ã¯ãã¾ã„
2023-10-31 21:09:33,158 - Internal Server Error: /
Traceback (most recent call last):
  File "C:\ProgramData\Anaconda3\envs\df_env\lib\site-packages\django\core\handlers\exception.py", line 55, in inner
    response = get_response(request)
  File "C:\ProgramData\Anaconda3\envs\df_env\lib\site-packages\django\core\handlers\base.py", line 197, in _get_response
    response = wrapped_callback(request, *callback_args, **callback_kwargs)
  File "C:\Users\Main\df_invoice\df_list\views.py", line 16, in index
    response = HttpResponse(content=result['csv_content'], content_type='text/csv', charset='utf-8-sig')
TypeError: 'NoneType' object is not subscriptable
2023-10-31 21:10:40,612 - Scraping page 1
2023-10-31 21:10:41,253 - Scraping page 2
2023-10-31 21:10:41,278 - æŒ‡å®šæœŸé–“ã®æ¢ç´¢ã‚’å®Œäº†ã—ã¾ã—ãŸã€‚ã‚¹ã‚¯ãƒ¬ã‚¤ãƒ”ãƒ³ã‚°ã‚’çµ‚äº†ã—ã¾ã™ã€‚
2023-10-31 21:10:41,278 - ãƒ©ã‚¤ã‚¿ãƒ¼åï¼šã‚Šã¤ã“ã€æœŸé–“ï¼š2023-10-17ã‹ã‚‰2023-10-31ã€è¨˜äº‹æ•°ï¼š35
2023-10-31 21:10:57,309 - Scraping page 1
2023-10-31 21:10:57,942 - Scraping page 2
2023-10-31 21:10:57,966 - æŒ‡å®šæœŸé–“ã®æ¢ç´¢ã‚’å®Œäº†ã—ã¾ã—ãŸã€‚ã‚¹ã‚¯ãƒ¬ã‚¤ãƒ”ãƒ³ã‚°ã‚’çµ‚äº†ã—ã¾ã™ã€‚
2023-10-31 21:10:57,967 - ãƒ©ã‚¤ã‚¿ãƒ¼åï¼šã¯ãã¾ã„ã•ã‚“ã€æœŸé–“ï¼š2023-10-17ã‹ã‚‰2023-10-31ã€è¨˜äº‹æ•°ï¼š28
2023-10-31 21:12:23,265 - C:\Users\Main\df_invoice\df_list\scraper.py changed, reloading.
2023-10-31 21:12:55,090 - Scraping page 1
2023-10-31 21:12:55,721 - Scraping page 2
2023-10-31 21:12:55,745 - æŒ‡å®šæœŸé–“ã®æ¢ç´¢ã‚’å®Œäº†ã—ã¾ã—ãŸã€‚ã‚¹ã‚¯ãƒ¬ã‚¤ãƒ”ãƒ³ã‚°ã‚’çµ‚äº†ã—ã¾ã™ã€‚
2023-10-31 21:12:55,747 - ãƒ©ã‚¤ã‚¿ãƒ¼åï¼šã¯ãã¾ã„ã•ã‚“ã€æœŸé–“ï¼š2023-10-17ã‹ã‚‰2023-10-31ã€è¨˜äº‹æ•°ï¼š28
2023-10-31 21:13:04,973 - Scraping page 1
2023-10-31 21:13:04,997 - æŒ‡å®šæœŸé–“ã®æ¢ç´¢ã‚’å®Œäº†ã—ã¾ã—ãŸã€‚ã‚¹ã‚¯ãƒ¬ã‚¤ãƒ”ãƒ³ã‚°ã‚’çµ‚äº†ã—ã¾ã™ã€‚
2023-10-31 21:13:04,999 - ãƒ©ã‚¤ã‚¿ãƒ¼åï¼šGrezzzã€æœŸé–“ï¼š2023-10-25ã‹ã‚‰2023-10-31ã€è¨˜äº‹æ•°ï¼š11
2023-10-31 21:13:24,801 - æŒ‡å®šã•ã‚ŒãŸãƒ©ã‚¤ã‚¿ãƒ¼åã¯å­˜åœ¨ã—ã¾ã›ã‚“ã§ã—ãŸ: Grezzzã‚
2023-10-31 21:13:24,826 - Internal Server Error: /
Traceback (most recent call last):
  File "C:\ProgramData\Anaconda3\envs\df_env\lib\site-packages\django\core\handlers\exception.py", line 55, in inner
    response = get_response(request)
  File "C:\ProgramData\Anaconda3\envs\df_env\lib\site-packages\django\core\handlers\base.py", line 197, in _get_response
    response = wrapped_callback(request, *callback_args, **callback_kwargs)
  File "C:\Users\Main\df_invoice\df_list\views.py", line 16, in index
    response = HttpResponse(content=result['csv_content'], content_type='text/csv', charset='utf-8-sig')
TypeError: 'NoneType' object is not subscriptable
2023-10-31 21:22:05,655 - Scraping page 1
2023-10-31 21:22:05,681 - æŒ‡å®šæœŸé–“ã®æ¢ç´¢ã‚’å®Œäº†ã—ã¾ã—ãŸã€‚ã‚¹ã‚¯ãƒ¬ã‚¤ãƒ”ãƒ³ã‚°ã‚’çµ‚äº†ã—ã¾ã™ã€‚
2023-10-31 21:22:05,682 - ãƒ©ã‚¤ã‚¿ãƒ¼åï¼šãƒ‹ãƒ¥ãƒ¼ã‚¹ã€æœŸé–“ï¼š2023-10-31ã‹ã‚‰2023-10-31ã€è¨˜äº‹æ•°ï¼š19
2023-11-02 16:49:31,473 - Scraping page 1
2023-11-02 16:49:31,497 - æŒ‡å®šæœŸé–“ã®æ¢ç´¢ã‚’å®Œäº†ã—ã¾ã—ãŸã€‚ã‚¹ã‚¯ãƒ¬ã‚¤ãƒ”ãƒ³ã‚°ã‚’çµ‚äº†ã—ã¾ã™ã€‚
2023-11-02 16:49:31,498 - ãƒ©ã‚¤ã‚¿ãƒ¼åï¼šGrezzzã€æœŸé–“ï¼š2023-11-01ã‹ã‚‰2023-11-01ã€è¨˜äº‹æ•°ï¼š6
2023-11-02 17:06:09,388 - æŒ‡å®šã•ã‚ŒãŸãƒ©ã‚¤ã‚¿ãƒ¼åã¯å­˜åœ¨ã—ã¾ã›ã‚“ã§ã—ãŸ: Grezzza
2023-11-02 17:06:09,422 - Internal Server Error: /
Traceback (most recent call last):
  File "C:\ProgramData\Anaconda3\envs\df_env\lib\site-packages\django\core\handlers\exception.py", line 55, in inner
    response = get_response(request)
  File "C:\ProgramData\Anaconda3\envs\df_env\lib\site-packages\django\core\handlers\base.py", line 197, in _get_response
    response = wrapped_callback(request, *callback_args, **callback_kwargs)
  File "C:\Users\Main\df_invoice\df_list\views.py", line 16, in index
    response = HttpResponse(content=result['csv_content'], content_type='text/csv', charset='utf-8-sig')
TypeError: 'NoneType' object is not subscriptable
2023-11-02 17:24:18,785 - Scraping page 1
2023-11-02 17:24:19,429 - Scraping page 2
2023-11-02 17:24:20,055 - Scraping page 3
2023-11-02 17:24:20,683 - Scraping page 4
2023-11-02 17:24:21,329 - Scraping page 5
2023-11-02 17:24:21,945 - Scraping page 6
2023-11-02 17:24:22,517 - æŒ‡å®šã•ã‚ŒãŸãƒšãƒ¼ã‚¸ã¯å­˜åœ¨ã—ã¾ã›ã‚“: ãƒšãƒ¼ã‚¸ 7
2023-11-02 17:24:22,518 - ãƒ©ã‚¤ã‚¿ãƒ¼åï¼šGrezzzã€æœŸé–“ï¼š2023-08-01ã‹ã‚‰2023-11-04ã€è¨˜äº‹æ•°ï¼š105
2023-11-03 05:28:04,405 - Scraping page 1
2023-11-03 05:28:05,023 - Scraping page 2
2023-11-03 05:28:05,678 - Scraping page 3
2023-11-03 05:28:05,703 - æŒ‡å®šæœŸé–“ã®æ¢ç´¢ã‚’å®Œäº†ã—ã¾ã—ãŸã€‚ã‚¹ã‚¯ãƒ¬ã‚¤ãƒ”ãƒ³ã‚°ã‚’çµ‚äº†ã—ã¾ã™ã€‚
2023-11-03 05:28:05,703 - ãƒ©ã‚¤ã‚¿ãƒ¼åï¼šGrezzzã€æœŸé–“ï¼š2023-10-02ã‹ã‚‰2023-11-03ã€è¨˜äº‹æ•°ï¼š53
2023-11-10 19:46:42,690 - Scraping page 1
2023-11-10 19:46:43,324 - Scraping page 2
2023-11-10 19:46:43,945 - Scraping page 3
2023-11-10 19:46:44,579 - Scraping page 4
2023-11-10 19:46:44,603 - æŒ‡å®šæœŸé–“ã®æ¢ç´¢ã‚’å®Œäº†ã—ã¾ã—ãŸã€‚ã‚¹ã‚¯ãƒ¬ã‚¤ãƒ”ãƒ³ã‚°ã‚’çµ‚äº†ã—ã¾ã™ã€‚
2023-11-10 19:46:44,604 - ãƒ©ã‚¤ã‚¿ãƒ¼åï¼šGrezzzã€æœŸé–“ï¼š2023-10-10ã‹ã‚‰2023-11-10ã€è¨˜äº‹æ•°ï¼š64
2023-11-15 17:36:02,136 - Scraping page 1
2023-11-15 17:36:02,781 - Scraping page 2
2023-11-15 17:36:03,407 - Scraping page 3
2023-11-15 17:36:03,431 - æŒ‡å®šæœŸé–“ã®æ¢ç´¢ã‚’å®Œäº†ã—ã¾ã—ãŸã€‚ã‚¹ã‚¯ãƒ¬ã‚¤ãƒ”ãƒ³ã‚°ã‚’çµ‚äº†ã—ã¾ã™ã€‚
2023-11-15 17:36:03,433 - ãƒ©ã‚¤ã‚¿ãƒ¼åï¼šGrezzzã€æœŸé–“ï¼š2023-10-15ã‹ã‚‰2023-11-15ã€è¨˜äº‹æ•°ï¼š56
2023-12-09 03:19:57,012 - Scraping page 1
2023-12-09 03:19:57,421 - Scraping page 2
2023-12-09 03:19:57,445 - æŒ‡å®šæœŸé–“ã®æ¢ç´¢ã‚’å®Œäº†ã—ã¾ã—ãŸã€‚ã‚¹ã‚¯ãƒ¬ã‚¤ãƒ”ãƒ³ã‚°ã‚’çµ‚äº†ã—ã¾ã™ã€‚
2023-12-09 03:19:57,447 - ãƒ©ã‚¤ã‚¿ãƒ¼åï¼šGrezzzã€æœŸé–“ï¼š2023-11-10ã‹ã‚‰2023-12-09ã€è¨˜äº‹æ•°ï¼š35
